  [1m[36m (2.4ms)[0m  [1mCREATE TABLE "schema_migrations" ("version" varchar NOT NULL) [0m
  [1m[35m (0.2ms)[0m  select sqlite_version(*)
  [1m[36m (0.9ms)[0m  [1mCREATE UNIQUE INDEX "unique_schema_migrations" ON "schema_migrations" ("version")[0m
  [1m[35mActiveRecord::SchemaMigration Load (0.2ms)[0m  SELECT "schema_migrations".* FROM "schema_migrations"
Migrating to CreateArticles (20160207175909)
  [1m[36m (0.1ms)[0m  [1mbegin transaction[0m
  [1m[35m (0.6ms)[0m  CREATE TABLE "articles" ("id" INTEGER PRIMARY KEY AUTOINCREMENT NOT NULL, "title" varchar, "body" text, "created_at" datetime NOT NULL, "updated_at" datetime NOT NULL) 
  [1m[36mSQL (0.2ms)[0m  [1mINSERT INTO "schema_migrations" ("version") VALUES (?)[0m  [["version", "20160207175909"]]
  [1m[35m (3.4ms)[0m  commit transaction
  [1m[36mActiveRecord::SchemaMigration Load (0.1ms)[0m  [1mSELECT "schema_migrations".* FROM "schema_migrations"[0m


Started GET "/" for ::1 at 2016-02-07 13:07:59 -0500
  [1m[36mActiveRecord::SchemaMigration Load (0.1ms)[0m  [1mSELECT "schema_migrations".* FROM "schema_migrations"[0m
Processing by Rails::WelcomeController#index as HTML
  Rendered /Library/Ruby/Gems/2.0.0/gems/railties-4.2.5.1/lib/rails/templates/rails/welcome/index.html.erb (2.6ms)
Completed 200 OK in 140ms (Views: 102.6ms | ActiveRecord: 0.0ms)


Started GET "/" for ::1 at 2016-02-07 13:09:35 -0500
Processing by Rails::WelcomeController#index as HTML
  Rendered /Library/Ruby/Gems/2.0.0/gems/railties-4.2.5.1/lib/rails/templates/rails/welcome/index.html.erb (0.0ms)
Completed 200 OK in 2ms (Views: 1.1ms | ActiveRecord: 0.0ms)


Started GET "/" for ::1 at 2016-02-07 13:09:44 -0500
Processing by Rails::WelcomeController#index as HTML
  Rendered /Library/Ruby/Gems/2.0.0/gems/railties-4.2.5.1/lib/rails/templates/rails/welcome/index.html.erb (0.4ms)
Completed 200 OK in 2ms (Views: 1.6ms | ActiveRecord: 0.0ms)


Started GET "/articles/" for ::1 at 2016-02-07 13:11:35 -0500
Processing by ArticlesController#index as HTML
  Rendered articles/index.html.erb within layouts/application (25.1ms)
Completed 500 Internal Server Error in 30ms (ActiveRecord: 0.0ms)

ActionView::Template::Error (undefined method `each' for nil:NilClass):
    1: <h1>All Articles</h1>
    2: 
    3: <ul id="articles">
    4:   <% @articles.each do |article| %>
    5:     <li>
    6:       <%= link_to article.title, article_path(article) %>
    7:     </li>
  app/views/articles/index.html.erb:4:in `_app_views_articles_index_html_erb__1336982644531626391_70176528239900'


  Rendered /Library/Ruby/Gems/2.0.0/gems/actionpack-4.2.5.1/lib/action_dispatch/middleware/templates/rescues/_source.erb (8.6ms)
  Rendered /Library/Ruby/Gems/2.0.0/gems/actionpack-4.2.5.1/lib/action_dispatch/middleware/templates/rescues/_trace.html.erb (3.2ms)
  Rendered /Library/Ruby/Gems/2.0.0/gems/actionpack-4.2.5.1/lib/action_dispatch/middleware/templates/rescues/_request_and_response.html.erb (1.6ms)
  Rendered /Library/Ruby/Gems/2.0.0/gems/actionpack-4.2.5.1/lib/action_dispatch/middleware/templates/rescues/template_error.html.erb within rescues/layout (31.7ms)
  Rendered /Library/Ruby/Gems/2.0.0/gems/web-console-2.3.0/lib/web_console/templates/_markup.html.erb (0.4ms)
  Rendered /Library/Ruby/Gems/2.0.0/gems/web-console-2.3.0/lib/web_console/templates/_inner_console_markup.html.erb within layouts/inlined_string (0.3ms)
  Rendered /Library/Ruby/Gems/2.0.0/gems/web-console-2.3.0/lib/web_console/templates/_prompt_box_markup.html.erb within layouts/inlined_string (0.5ms)
  Rendered /Library/Ruby/Gems/2.0.0/gems/web-console-2.3.0/lib/web_console/templates/style.css.erb within layouts/inlined_string (0.6ms)
  Rendered /Library/Ruby/Gems/2.0.0/gems/web-console-2.3.0/lib/web_console/templates/console.js.erb within layouts/javascript (73.0ms)
  Rendered /Library/Ruby/Gems/2.0.0/gems/web-console-2.3.0/lib/web_console/templates/main.js.erb within layouts/javascript (0.4ms)
  Rendered /Library/Ruby/Gems/2.0.0/gems/web-console-2.3.0/lib/web_console/templates/error_page.js.erb within layouts/javascript (0.5ms)
  Rendered /Library/Ruby/Gems/2.0.0/gems/web-console-2.3.0/lib/web_console/templates/index.html.erb (143.7ms)


Started GET "/articles/" for ::1 at 2016-02-07 13:11:36 -0500
Processing by ArticlesController#index as HTML
  Rendered articles/index.html.erb within layouts/application (2.4ms)
Completed 500 Internal Server Error in 7ms (ActiveRecord: 0.0ms)

ActionView::Template::Error (undefined method `each' for nil:NilClass):
    1: <h1>All Articles</h1>
    2: 
    3: <ul id="articles">
    4:   <% @articles.each do |article| %>
    5:     <li>
    6:       <%= link_to article.title, article_path(article) %>
    7:     </li>
  app/views/articles/index.html.erb:4:in `_app_views_articles_index_html_erb__1336982644531626391_70176528239900'


  Rendered /Library/Ruby/Gems/2.0.0/gems/actionpack-4.2.5.1/lib/action_dispatch/middleware/templates/rescues/_source.erb (7.6ms)
  Rendered /Library/Ruby/Gems/2.0.0/gems/actionpack-4.2.5.1/lib/action_dispatch/middleware/templates/rescues/_trace.html.erb (3.0ms)
  Rendered /Library/Ruby/Gems/2.0.0/gems/actionpack-4.2.5.1/lib/action_dispatch/middleware/templates/rescues/_request_and_response.html.erb (1.0ms)
  Rendered /Library/Ruby/Gems/2.0.0/gems/actionpack-4.2.5.1/lib/action_dispatch/middleware/templates/rescues/template_error.html.erb within rescues/layout (26.2ms)
  Rendered /Library/Ruby/Gems/2.0.0/gems/web-console-2.3.0/lib/web_console/templates/_markup.html.erb (0.4ms)
  Rendered /Library/Ruby/Gems/2.0.0/gems/web-console-2.3.0/lib/web_console/templates/_inner_console_markup.html.erb within layouts/inlined_string (0.5ms)
  Rendered /Library/Ruby/Gems/2.0.0/gems/web-console-2.3.0/lib/web_console/templates/_prompt_box_markup.html.erb within layouts/inlined_string (0.4ms)
  Rendered /Library/Ruby/Gems/2.0.0/gems/web-console-2.3.0/lib/web_console/templates/style.css.erb within layouts/inlined_string (0.4ms)
  Rendered /Library/Ruby/Gems/2.0.0/gems/web-console-2.3.0/lib/web_console/templates/console.js.erb within layouts/javascript (17.0ms)
  Rendered /Library/Ruby/Gems/2.0.0/gems/web-console-2.3.0/lib/web_console/templates/main.js.erb within layouts/javascript (0.3ms)
  Rendered /Library/Ruby/Gems/2.0.0/gems/web-console-2.3.0/lib/web_console/templates/error_page.js.erb within layouts/javascript (0.4ms)
  Rendered /Library/Ruby/Gems/2.0.0/gems/web-console-2.3.0/lib/web_console/templates/index.html.erb (34.0ms)


Started GET "/articles/" for ::1 at 2016-02-07 13:13:11 -0500
Processing by ArticlesController#index as HTML
  Rendered articles/index.html.erb within layouts/application (1.3ms)
Completed 500 Internal Server Error in 3ms (ActiveRecord: 0.0ms)

ActionView::Template::Error (undefined method `each' for nil:NilClass):
    1: <h1>All Articles</h1>
    2: 
    3: <ul id="articles">
    4:   <% @articles.each do |article| %>
    5:     <li>
    6:       <%= link_to article.title, article_path(article) %>
    7:     </li>
  app/views/articles/index.html.erb:4:in `_app_views_articles_index_html_erb__1336982644531626391_70176528239900'


  Rendered /Library/Ruby/Gems/2.0.0/gems/actionpack-4.2.5.1/lib/action_dispatch/middleware/templates/rescues/_source.erb (8.0ms)
  Rendered /Library/Ruby/Gems/2.0.0/gems/actionpack-4.2.5.1/lib/action_dispatch/middleware/templates/rescues/_trace.html.erb (2.8ms)
  Rendered /Library/Ruby/Gems/2.0.0/gems/actionpack-4.2.5.1/lib/action_dispatch/middleware/templates/rescues/_request_and_response.html.erb (0.9ms)
  Rendered /Library/Ruby/Gems/2.0.0/gems/actionpack-4.2.5.1/lib/action_dispatch/middleware/templates/rescues/template_error.html.erb within rescues/layout (26.3ms)
  Rendered /Library/Ruby/Gems/2.0.0/gems/web-console-2.3.0/lib/web_console/templates/_markup.html.erb (0.3ms)
  Rendered /Library/Ruby/Gems/2.0.0/gems/web-console-2.3.0/lib/web_console/templates/_inner_console_markup.html.erb within layouts/inlined_string (0.3ms)
  Rendered /Library/Ruby/Gems/2.0.0/gems/web-console-2.3.0/lib/web_console/templates/_prompt_box_markup.html.erb within layouts/inlined_string (0.3ms)
  Rendered /Library/Ruby/Gems/2.0.0/gems/web-console-2.3.0/lib/web_console/templates/style.css.erb within layouts/inlined_string (0.4ms)
  Rendered /Library/Ruby/Gems/2.0.0/gems/web-console-2.3.0/lib/web_console/templates/console.js.erb within layouts/javascript (16.6ms)
  Rendered /Library/Ruby/Gems/2.0.0/gems/web-console-2.3.0/lib/web_console/templates/main.js.erb within layouts/javascript (0.3ms)
  Rendered /Library/Ruby/Gems/2.0.0/gems/web-console-2.3.0/lib/web_console/templates/error_page.js.erb within layouts/javascript (0.5ms)
  Rendered /Library/Ruby/Gems/2.0.0/gems/web-console-2.3.0/lib/web_console/templates/index.html.erb (33.8ms)
  [1m[36m (0.2ms)[0m  [1mbegin transaction[0m
  [1m[35mSQL (0.6ms)[0m  INSERT INTO "articles" ("title", "body", "created_at", "updated_at") VALUES (?, ?, ?, ?)  [["title", "Sample article title"], ["body", "This is the text for my article, woo hoo!"], ["created_at", "2016-02-07 18:15:04.810246"], ["updated_at", "2016-02-07 18:15:04.810246"]]
  [1m[36m (2.3ms)[0m  [1mcommit transaction[0m
  [1m[35mArticle Load (0.2ms)[0m  SELECT "articles".* FROM "articles"


Started GET "/articles/" for ::1 at 2016-02-07 13:15:12 -0500
Processing by ArticlesController#index as HTML
  Rendered articles/index.html.erb within layouts/application (1.3ms)
Completed 500 Internal Server Error in 4ms (ActiveRecord: 0.0ms)

ActionView::Template::Error (undefined method `each' for nil:NilClass):
    1: <h1>All Articles</h1>
    2: 
    3: <ul id="articles">
    4:   <% @articles.each do |article| %>
    5:     <li>
    6:       <%= link_to article.title, article_path(article) %>
    7:     </li>
  app/views/articles/index.html.erb:4:in `_app_views_articles_index_html_erb__1336982644531626391_70176528239900'


  Rendered /Library/Ruby/Gems/2.0.0/gems/actionpack-4.2.5.1/lib/action_dispatch/middleware/templates/rescues/_source.erb (8.2ms)
  Rendered /Library/Ruby/Gems/2.0.0/gems/actionpack-4.2.5.1/lib/action_dispatch/middleware/templates/rescues/_trace.html.erb (2.9ms)
  Rendered /Library/Ruby/Gems/2.0.0/gems/actionpack-4.2.5.1/lib/action_dispatch/middleware/templates/rescues/_request_and_response.html.erb (0.9ms)
  Rendered /Library/Ruby/Gems/2.0.0/gems/actionpack-4.2.5.1/lib/action_dispatch/middleware/templates/rescues/template_error.html.erb within rescues/layout (24.4ms)
  Rendered /Library/Ruby/Gems/2.0.0/gems/web-console-2.3.0/lib/web_console/templates/_markup.html.erb (0.3ms)
  Rendered /Library/Ruby/Gems/2.0.0/gems/web-console-2.3.0/lib/web_console/templates/_inner_console_markup.html.erb within layouts/inlined_string (0.4ms)
  Rendered /Library/Ruby/Gems/2.0.0/gems/web-console-2.3.0/lib/web_console/templates/_prompt_box_markup.html.erb within layouts/inlined_string (0.6ms)
  Rendered /Library/Ruby/Gems/2.0.0/gems/web-console-2.3.0/lib/web_console/templates/style.css.erb within layouts/inlined_string (0.4ms)
  Rendered /Library/Ruby/Gems/2.0.0/gems/web-console-2.3.0/lib/web_console/templates/console.js.erb within layouts/javascript (18.7ms)
  Rendered /Library/Ruby/Gems/2.0.0/gems/web-console-2.3.0/lib/web_console/templates/main.js.erb within layouts/javascript (0.4ms)
  Rendered /Library/Ruby/Gems/2.0.0/gems/web-console-2.3.0/lib/web_console/templates/error_page.js.erb within layouts/javascript (0.4ms)
  Rendered /Library/Ruby/Gems/2.0.0/gems/web-console-2.3.0/lib/web_console/templates/index.html.erb (38.1ms)


Started GET "/articles/" for ::1 at 2016-02-07 13:17:21 -0500
Processing by ArticlesController#index as HTML
  Rendered articles/index.html.erb within layouts/application (1.3ms)
Completed 500 Internal Server Error in 4ms (ActiveRecord: 0.0ms)

ActionView::Template::Error (undefined method `each' for nil:NilClass):
    1: <h1>All Articles</h1>
    2: 
    3: <ul id="articles">
    4:   <% @articles.each do |article| %>
    5:     <li>
    6:       <%= link_to article.title, article_path(article) %>
    7:     </li>
  app/views/articles/index.html.erb:4:in `_app_views_articles_index_html_erb__1336982644531626391_70176528239900'


  Rendered /Library/Ruby/Gems/2.0.0/gems/actionpack-4.2.5.1/lib/action_dispatch/middleware/templates/rescues/_source.erb (8.0ms)
  Rendered /Library/Ruby/Gems/2.0.0/gems/actionpack-4.2.5.1/lib/action_dispatch/middleware/templates/rescues/_trace.html.erb (2.7ms)
  Rendered /Library/Ruby/Gems/2.0.0/gems/actionpack-4.2.5.1/lib/action_dispatch/middleware/templates/rescues/_request_and_response.html.erb (1.1ms)
  Rendered /Library/Ruby/Gems/2.0.0/gems/actionpack-4.2.5.1/lib/action_dispatch/middleware/templates/rescues/template_error.html.erb within rescues/layout (25.0ms)
  Rendered /Library/Ruby/Gems/2.0.0/gems/web-console-2.3.0/lib/web_console/templates/_markup.html.erb (0.3ms)
  Rendered /Library/Ruby/Gems/2.0.0/gems/web-console-2.3.0/lib/web_console/templates/_inner_console_markup.html.erb within layouts/inlined_string (0.3ms)
  Rendered /Library/Ruby/Gems/2.0.0/gems/web-console-2.3.0/lib/web_console/templates/_prompt_box_markup.html.erb within layouts/inlined_string (0.4ms)
  Rendered /Library/Ruby/Gems/2.0.0/gems/web-console-2.3.0/lib/web_console/templates/style.css.erb within layouts/inlined_string (0.4ms)
  Rendered /Library/Ruby/Gems/2.0.0/gems/web-console-2.3.0/lib/web_console/templates/console.js.erb within layouts/javascript (17.3ms)
  Rendered /Library/Ruby/Gems/2.0.0/gems/web-console-2.3.0/lib/web_console/templates/main.js.erb within layouts/javascript (0.3ms)
  Rendered /Library/Ruby/Gems/2.0.0/gems/web-console-2.3.0/lib/web_console/templates/error_page.js.erb within layouts/javascript (0.5ms)
  Rendered /Library/Ruby/Gems/2.0.0/gems/web-console-2.3.0/lib/web_console/templates/index.html.erb (35.8ms)
  [1m[36mArticle Load (0.4ms)[0m  [1mSELECT "articles".* FROM "articles"[0m


Started GET "/articles/" for ::1 at 2016-02-07 13:19:26 -0500
Processing by ArticlesController#index as HTML
  Rendered articles/index.html.erb within layouts/application (1.4ms)
Completed 500 Internal Server Error in 4ms (ActiveRecord: 0.0ms)

ActionView::Template::Error (undefined method `each' for nil:NilClass):
    1: <h1>All Articles</h1>
    2: 
    3: <ul id="articles">
    4:   <% @articles.each do |article| %>
    5:     <li>
    6:       <%= link_to article.title, article_path(article) %>
    7:     </li>
  app/views/articles/index.html.erb:4:in `_app_views_articles_index_html_erb__1336982644531626391_70176528239900'


  Rendered /Library/Ruby/Gems/2.0.0/gems/actionpack-4.2.5.1/lib/action_dispatch/middleware/templates/rescues/_source.erb (7.9ms)
  Rendered /Library/Ruby/Gems/2.0.0/gems/actionpack-4.2.5.1/lib/action_dispatch/middleware/templates/rescues/_trace.html.erb (4.7ms)
  Rendered /Library/Ruby/Gems/2.0.0/gems/actionpack-4.2.5.1/lib/action_dispatch/middleware/templates/rescues/_request_and_response.html.erb (1.0ms)
  Rendered /Library/Ruby/Gems/2.0.0/gems/actionpack-4.2.5.1/lib/action_dispatch/middleware/templates/rescues/template_error.html.erb within rescues/layout (26.7ms)
  Rendered /Library/Ruby/Gems/2.0.0/gems/web-console-2.3.0/lib/web_console/templates/_markup.html.erb (0.3ms)
  Rendered /Library/Ruby/Gems/2.0.0/gems/web-console-2.3.0/lib/web_console/templates/_inner_console_markup.html.erb within layouts/inlined_string (0.4ms)
  Rendered /Library/Ruby/Gems/2.0.0/gems/web-console-2.3.0/lib/web_console/templates/_prompt_box_markup.html.erb within layouts/inlined_string (0.3ms)
  Rendered /Library/Ruby/Gems/2.0.0/gems/web-console-2.3.0/lib/web_console/templates/style.css.erb within layouts/inlined_string (0.6ms)
  Rendered /Library/Ruby/Gems/2.0.0/gems/web-console-2.3.0/lib/web_console/templates/console.js.erb within layouts/javascript (20.1ms)
  Rendered /Library/Ruby/Gems/2.0.0/gems/web-console-2.3.0/lib/web_console/templates/main.js.erb within layouts/javascript (0.4ms)
  Rendered /Library/Ruby/Gems/2.0.0/gems/web-console-2.3.0/lib/web_console/templates/error_page.js.erb within layouts/javascript (44.4ms)
  Rendered /Library/Ruby/Gems/2.0.0/gems/web-console-2.3.0/lib/web_console/templates/index.html.erb (82.3ms)


Started GET "/articles/" for ::1 at 2016-02-07 13:20:57 -0500
Processing by ArticlesController#index as HTML
  Rendered articles/index.html.erb within layouts/application (2.5ms)
Completed 500 Internal Server Error in 5ms (ActiveRecord: 0.0ms)

ActionView::Template::Error (undefined method `each' for nil:NilClass):
    1: <h1>All Articles</h1>
    2: 
    3: <ul id="articles">
    4:   <% @articles.each do |article| %>
    5:     <li>
    6:       <%= link_to article.title, article_path(article) %>
    7:     </li>
  app/views/articles/index.html.erb:4:in `_app_views_articles_index_html_erb__1336982644531626391_70176528239900'


  Rendered /Library/Ruby/Gems/2.0.0/gems/actionpack-4.2.5.1/lib/action_dispatch/middleware/templates/rescues/_source.erb (8.0ms)
  Rendered /Library/Ruby/Gems/2.0.0/gems/actionpack-4.2.5.1/lib/action_dispatch/middleware/templates/rescues/_trace.html.erb (3.7ms)
  Rendered /Library/Ruby/Gems/2.0.0/gems/actionpack-4.2.5.1/lib/action_dispatch/middleware/templates/rescues/_request_and_response.html.erb (48.0ms)
  Rendered /Library/Ruby/Gems/2.0.0/gems/actionpack-4.2.5.1/lib/action_dispatch/middleware/templates/rescues/template_error.html.erb within rescues/layout (73.8ms)
  Rendered /Library/Ruby/Gems/2.0.0/gems/web-console-2.3.0/lib/web_console/templates/_markup.html.erb (0.8ms)
  Rendered /Library/Ruby/Gems/2.0.0/gems/web-console-2.3.0/lib/web_console/templates/_inner_console_markup.html.erb within layouts/inlined_string (0.4ms)
  Rendered /Library/Ruby/Gems/2.0.0/gems/web-console-2.3.0/lib/web_console/templates/_prompt_box_markup.html.erb within layouts/inlined_string (0.5ms)
  Rendered /Library/Ruby/Gems/2.0.0/gems/web-console-2.3.0/lib/web_console/templates/style.css.erb within layouts/inlined_string (0.4ms)
  Rendered /Library/Ruby/Gems/2.0.0/gems/web-console-2.3.0/lib/web_console/templates/console.js.erb within layouts/javascript (18.5ms)
  Rendered /Library/Ruby/Gems/2.0.0/gems/web-console-2.3.0/lib/web_console/templates/main.js.erb within layouts/javascript (0.4ms)
  Rendered /Library/Ruby/Gems/2.0.0/gems/web-console-2.3.0/lib/web_console/templates/error_page.js.erb within layouts/javascript (0.5ms)
  Rendered /Library/Ruby/Gems/2.0.0/gems/web-console-2.3.0/lib/web_console/templates/index.html.erb (41.3ms)


Started GET "/articles/" for ::1 at 2016-02-07 13:27:35 -0500
Processing by ArticlesController#index as HTML
  Rendered articles/index.html.erb within layouts/application (1.4ms)
Completed 500 Internal Server Error in 4ms (ActiveRecord: 0.0ms)

ActionView::Template::Error (undefined method `each' for nil:NilClass):
    1: <h1>All Articles</h1>
    2: 
    3: <ul id="articles">
    4:   <% @articles.each do |article| %>
    5:     <li>
    6:       <%= link_to article.title, article_path(article) %>
    7:     </li>
  app/views/articles/index.html.erb:4:in `_app_views_articles_index_html_erb__1336982644531626391_70176528239900'


  Rendered /Library/Ruby/Gems/2.0.0/gems/actionpack-4.2.5.1/lib/action_dispatch/middleware/templates/rescues/_source.erb (9.5ms)
  Rendered /Library/Ruby/Gems/2.0.0/gems/actionpack-4.2.5.1/lib/action_dispatch/middleware/templates/rescues/_trace.html.erb (3.1ms)
  Rendered /Library/Ruby/Gems/2.0.0/gems/actionpack-4.2.5.1/lib/action_dispatch/middleware/templates/rescues/_request_and_response.html.erb (1.5ms)
  Rendered /Library/Ruby/Gems/2.0.0/gems/actionpack-4.2.5.1/lib/action_dispatch/middleware/templates/rescues/template_error.html.erb within rescues/layout (26.8ms)
  Rendered /Library/Ruby/Gems/2.0.0/gems/web-console-2.3.0/lib/web_console/templates/_markup.html.erb (0.3ms)
  Rendered /Library/Ruby/Gems/2.0.0/gems/web-console-2.3.0/lib/web_console/templates/_inner_console_markup.html.erb within layouts/inlined_string (0.3ms)
  Rendered /Library/Ruby/Gems/2.0.0/gems/web-console-2.3.0/lib/web_console/templates/_prompt_box_markup.html.erb within layouts/inlined_string (0.3ms)
  Rendered /Library/Ruby/Gems/2.0.0/gems/web-console-2.3.0/lib/web_console/templates/style.css.erb within layouts/inlined_string (0.3ms)
  Rendered /Library/Ruby/Gems/2.0.0/gems/web-console-2.3.0/lib/web_console/templates/console.js.erb within layouts/javascript (16.0ms)
  Rendered /Library/Ruby/Gems/2.0.0/gems/web-console-2.3.0/lib/web_console/templates/main.js.erb within layouts/javascript (0.4ms)
  Rendered /Library/Ruby/Gems/2.0.0/gems/web-console-2.3.0/lib/web_console/templates/error_page.js.erb within layouts/javascript (0.4ms)
  Rendered /Library/Ruby/Gems/2.0.0/gems/web-console-2.3.0/lib/web_console/templates/index.html.erb (34.8ms)


Started GET "/articles/" for ::1 at 2016-02-07 13:27:48 -0500
Processing by ArticlesController#index as HTML
  Rendered articles/index.html.erb within layouts/application (1.9ms)
Completed 500 Internal Server Error in 5ms (ActiveRecord: 0.0ms)

ActionView::Template::Error (undefined method `each' for nil:NilClass):
    1: <h1>All Articles</h1>
    2: 
    3: <ul id="articles">
    4:   <% @articles.each do |article| %>
    5:     <li>
    6:       <%= link_to article.title, article_path(article) %>
    7:     </li>
  app/views/articles/index.html.erb:4:in `_app_views_articles_index_html_erb__1336982644531626391_70176521103400'


  Rendered /Library/Ruby/Gems/2.0.0/gems/actionpack-4.2.5.1/lib/action_dispatch/middleware/templates/rescues/_source.erb (12.3ms)
  Rendered /Library/Ruby/Gems/2.0.0/gems/actionpack-4.2.5.1/lib/action_dispatch/middleware/templates/rescues/_trace.html.erb (2.9ms)
  Rendered /Library/Ruby/Gems/2.0.0/gems/actionpack-4.2.5.1/lib/action_dispatch/middleware/templates/rescues/_request_and_response.html.erb (1.0ms)
  Rendered /Library/Ruby/Gems/2.0.0/gems/actionpack-4.2.5.1/lib/action_dispatch/middleware/templates/rescues/template_error.html.erb within rescues/layout (30.2ms)
  Rendered /Library/Ruby/Gems/2.0.0/gems/web-console-2.3.0/lib/web_console/templates/_markup.html.erb (0.5ms)
  Rendered /Library/Ruby/Gems/2.0.0/gems/web-console-2.3.0/lib/web_console/templates/_inner_console_markup.html.erb within layouts/inlined_string (0.5ms)
  Rendered /Library/Ruby/Gems/2.0.0/gems/web-console-2.3.0/lib/web_console/templates/_prompt_box_markup.html.erb within layouts/inlined_string (0.4ms)
  Rendered /Library/Ruby/Gems/2.0.0/gems/web-console-2.3.0/lib/web_console/templates/style.css.erb within layouts/inlined_string (0.4ms)
  Rendered /Library/Ruby/Gems/2.0.0/gems/web-console-2.3.0/lib/web_console/templates/console.js.erb within layouts/javascript (20.4ms)
  Rendered /Library/Ruby/Gems/2.0.0/gems/web-console-2.3.0/lib/web_console/templates/main.js.erb within layouts/javascript (0.4ms)
  Rendered /Library/Ruby/Gems/2.0.0/gems/web-console-2.3.0/lib/web_console/templates/error_page.js.erb within layouts/javascript (0.5ms)
  Rendered /Library/Ruby/Gems/2.0.0/gems/web-console-2.3.0/lib/web_console/templates/index.html.erb (41.1ms)


Started GET "/articles/" for ::1 at 2016-02-07 13:27:53 -0500
Processing by ArticlesController#index as HTML
  Rendered articles/index.html.erb within layouts/application (0.3ms)
Completed 200 OK in 2518ms (Views: 2516.7ms | ActiveRecord: 0.0ms)


Started GET "/assets/articles.self-e3b0c44298fc1c149afbf4c8996fb92427ae41e4649b934ca495991b7852b855.css?body=1" for ::1 at 2016-02-07 13:27:56 -0500


Started GET "/assets/jquery.self-c64a74367bda6ef8b860f19e74df08927ca99d2be2ac934e9e92d5fd361e0da4.js?body=1" for ::1 at 2016-02-07 13:27:56 -0500


Started GET "/assets/application.self-e80e8f2318043e8af94dddc2adad5a4f09739a8ebb323b3ab31cd71d45fd9113.css?body=1" for ::1 at 2016-02-07 13:27:56 -0500


Started GET "/assets/jquery_ujs.self-d602bdfe68ffc63b9f9cc512872aa3cfff046228a0a36e90dd476e8ef54c1b09.js?body=1" for ::1 at 2016-02-07 13:27:56 -0500


Started GET "/assets/articles.self-877aef30ae1b040ab8a3aba4e3e309a11d7f2612f44dde450b5c157aa5f95c05.js?body=1" for ::1 at 2016-02-07 13:27:56 -0500


Started GET "/assets/application.self-3b8dabdc891efe46b9a144b400ad69e37d7e5876bdc39dee783419a69d7ca819.js?body=1" for ::1 at 2016-02-07 13:27:56 -0500


Started GET "/assets/turbolinks.self-c37727e9bd6b2735da5c311aa83fead54ed0be6cc8bd9a65309e9c5abe2cbfff.js?body=1" for ::1 at 2016-02-07 13:27:56 -0500


Started GET "/articles" for ::1 at 2016-02-07 13:28:02 -0500
Processing by ArticlesController#index as HTML
  Rendered articles/index.html.erb within layouts/application (0.1ms)
Completed 200 OK in 17ms (Views: 16.1ms | ActiveRecord: 0.0ms)


Started GET "/" for ::1 at 2016-02-07 13:28:03 -0500
Processing by Rails::WelcomeController#index as HTML
  Rendered /Library/Ruby/Gems/2.0.0/gems/railties-4.2.5.1/lib/rails/templates/rails/welcome/index.html.erb (0.1ms)
Completed 200 OK in 5ms (Views: 4.1ms | ActiveRecord: 0.0ms)


Started GET "/" for ::1 at 2016-02-07 13:28:03 -0500
Processing by Rails::WelcomeController#index as HTML
  Rendered /Library/Ruby/Gems/2.0.0/gems/railties-4.2.5.1/lib/rails/templates/rails/welcome/index.html.erb (0.0ms)
Completed 200 OK in 2ms (Views: 1.6ms | ActiveRecord: 0.0ms)


Started GET "/articles/" for ::1 at 2016-02-07 13:28:23 -0500
Processing by ArticlesController#index as HTML
  Rendered articles/index.html.erb within layouts/application (0.0ms)
Completed 200 OK in 22ms (Views: 21.2ms | ActiveRecord: 0.0ms)


Started GET "/articles/" for ::1 at 2016-02-07 13:29:24 -0500
Processing by ArticlesController#index as HTML
  [1m[35mArticle Load (0.7ms)[0m  SELECT "articles".* FROM "articles"
  Rendered articles/index.html.erb within layouts/application (8.5ms)
Completed 200 OK in 38ms (Views: 34.3ms | ActiveRecord: 1.0ms)


Started GET "/assets/articles.self-e3b0c44298fc1c149afbf4c8996fb92427ae41e4649b934ca495991b7852b855.css?body=1" for ::1 at 2016-02-07 13:29:24 -0500


Started GET "/assets/application.self-e80e8f2318043e8af94dddc2adad5a4f09739a8ebb323b3ab31cd71d45fd9113.css?body=1" for ::1 at 2016-02-07 13:29:24 -0500


Started GET "/assets/jquery_ujs.self-d602bdfe68ffc63b9f9cc512872aa3cfff046228a0a36e90dd476e8ef54c1b09.js?body=1" for ::1 at 2016-02-07 13:29:24 -0500


Started GET "/assets/jquery.self-c64a74367bda6ef8b860f19e74df08927ca99d2be2ac934e9e92d5fd361e0da4.js?body=1" for ::1 at 2016-02-07 13:29:24 -0500


Started GET "/assets/turbolinks.self-c37727e9bd6b2735da5c311aa83fead54ed0be6cc8bd9a65309e9c5abe2cbfff.js?body=1" for ::1 at 2016-02-07 13:29:24 -0500


Started GET "/assets/application.self-3b8dabdc891efe46b9a144b400ad69e37d7e5876bdc39dee783419a69d7ca819.js?body=1" for ::1 at 2016-02-07 13:29:24 -0500


Started GET "/assets/articles.self-877aef30ae1b040ab8a3aba4e3e309a11d7f2612f44dde450b5c157aa5f95c05.js?body=1" for ::1 at 2016-02-07 13:29:24 -0500


Started GET "/articles/" for ::1 at 2016-02-07 13:31:51 -0500
Processing by ArticlesController#index as HTML
  [1m[36mArticle Load (0.2ms)[0m  [1mSELECT "articles".* FROM "articles"[0m
  Rendered articles/index.html.erb within layouts/application (1.1ms)
Completed 200 OK in 25ms (Views: 23.8ms | ActiveRecord: 0.2ms)


Started GET "/assets/articles.self-e3b0c44298fc1c149afbf4c8996fb92427ae41e4649b934ca495991b7852b855.css?body=1" for ::1 at 2016-02-07 13:31:51 -0500


Started GET "/assets/application.self-e80e8f2318043e8af94dddc2adad5a4f09739a8ebb323b3ab31cd71d45fd9113.css?body=1" for ::1 at 2016-02-07 13:31:51 -0500


Started GET "/assets/jquery_ujs.self-d602bdfe68ffc63b9f9cc512872aa3cfff046228a0a36e90dd476e8ef54c1b09.js?body=1" for ::1 at 2016-02-07 13:31:51 -0500


Started GET "/assets/jquery.self-c64a74367bda6ef8b860f19e74df08927ca99d2be2ac934e9e92d5fd361e0da4.js?body=1" for ::1 at 2016-02-07 13:31:51 -0500


Started GET "/assets/turbolinks.self-c37727e9bd6b2735da5c311aa83fead54ed0be6cc8bd9a65309e9c5abe2cbfff.js?body=1" for ::1 at 2016-02-07 13:31:51 -0500


Started GET "/assets/articles.self-877aef30ae1b040ab8a3aba4e3e309a11d7f2612f44dde450b5c157aa5f95c05.js?body=1" for ::1 at 2016-02-07 13:31:51 -0500


Started GET "/assets/application.self-3b8dabdc891efe46b9a144b400ad69e37d7e5876bdc39dee783419a69d7ca819.js?body=1" for ::1 at 2016-02-07 13:31:51 -0500


Started GET "/articles/1" for ::1 at 2016-02-07 13:31:53 -0500
Processing by ArticlesController#show as HTML
  Parameters: {"id"=>"1"}
  Rendered articles/show.html.erb within layouts/application (68.6ms)
Completed 500 Internal Server Error in 71ms (ActiveRecord: 0.0ms)

ActionView::Template::Error (undefined method `title' for nil:NilClass):
    1: <h1><%= @article.title %></h1>
    2: <p><%= @article.body %></p>
    3: <%= link_to "<< Back to Articles List", articles_path %>
  app/views/articles/show.html.erb:1:in `_app_views_articles_show_html_erb___3838049668279572952_70176539732780'


  Rendered /Library/Ruby/Gems/2.0.0/gems/actionpack-4.2.5.1/lib/action_dispatch/middleware/templates/rescues/_source.erb (8.7ms)
  Rendered /Library/Ruby/Gems/2.0.0/gems/actionpack-4.2.5.1/lib/action_dispatch/middleware/templates/rescues/_trace.html.erb (3.1ms)
  Rendered /Library/Ruby/Gems/2.0.0/gems/actionpack-4.2.5.1/lib/action_dispatch/middleware/templates/rescues/_request_and_response.html.erb (0.9ms)
  Rendered /Library/Ruby/Gems/2.0.0/gems/actionpack-4.2.5.1/lib/action_dispatch/middleware/templates/rescues/template_error.html.erb within rescues/layout (25.1ms)
  Rendered /Library/Ruby/Gems/2.0.0/gems/web-console-2.3.0/lib/web_console/templates/_markup.html.erb (0.4ms)
  Rendered /Library/Ruby/Gems/2.0.0/gems/web-console-2.3.0/lib/web_console/templates/_inner_console_markup.html.erb within layouts/inlined_string (0.7ms)
  Rendered /Library/Ruby/Gems/2.0.0/gems/web-console-2.3.0/lib/web_console/templates/_prompt_box_markup.html.erb within layouts/inlined_string (0.6ms)
  Rendered /Library/Ruby/Gems/2.0.0/gems/web-console-2.3.0/lib/web_console/templates/style.css.erb within layouts/inlined_string (0.6ms)
  Rendered /Library/Ruby/Gems/2.0.0/gems/web-console-2.3.0/lib/web_console/templates/console.js.erb within layouts/javascript (79.5ms)
  Rendered /Library/Ruby/Gems/2.0.0/gems/web-console-2.3.0/lib/web_console/templates/main.js.erb within layouts/javascript (0.3ms)
  Rendered /Library/Ruby/Gems/2.0.0/gems/web-console-2.3.0/lib/web_console/templates/error_page.js.erb within layouts/javascript (0.4ms)
  Rendered /Library/Ruby/Gems/2.0.0/gems/web-console-2.3.0/lib/web_console/templates/index.html.erb (98.0ms)


Started GET "/articles/1" for ::1 at 2016-02-07 13:31:53 -0500
Processing by ArticlesController#show as HTML
  Parameters: {"id"=>"1"}
  Rendered articles/show.html.erb within layouts/application (2.0ms)
Completed 500 Internal Server Error in 5ms (ActiveRecord: 0.0ms)

ActionView::Template::Error (undefined method `title' for nil:NilClass):
    1: <h1><%= @article.title %></h1>
    2: <p><%= @article.body %></p>
    3: <%= link_to "<< Back to Articles List", articles_path %>
  app/views/articles/show.html.erb:1:in `_app_views_articles_show_html_erb___3838049668279572952_70176531024500'


  Rendered /Library/Ruby/Gems/2.0.0/gems/actionpack-4.2.5.1/lib/action_dispatch/middleware/templates/rescues/_source.erb (7.9ms)
  Rendered /Library/Ruby/Gems/2.0.0/gems/actionpack-4.2.5.1/lib/action_dispatch/middleware/templates/rescues/_trace.html.erb (4.4ms)
  Rendered /Library/Ruby/Gems/2.0.0/gems/actionpack-4.2.5.1/lib/action_dispatch/middleware/templates/rescues/_request_and_response.html.erb (1.1ms)
  Rendered /Library/Ruby/Gems/2.0.0/gems/actionpack-4.2.5.1/lib/action_dispatch/middleware/templates/rescues/template_error.html.erb within rescues/layout (93.5ms)
  Rendered /Library/Ruby/Gems/2.0.0/gems/web-console-2.3.0/lib/web_console/templates/_markup.html.erb (0.4ms)
  Rendered /Library/Ruby/Gems/2.0.0/gems/web-console-2.3.0/lib/web_console/templates/_inner_console_markup.html.erb within layouts/inlined_string (0.4ms)
  Rendered /Library/Ruby/Gems/2.0.0/gems/web-console-2.3.0/lib/web_console/templates/_prompt_box_markup.html.erb within layouts/inlined_string (0.4ms)
  Rendered /Library/Ruby/Gems/2.0.0/gems/web-console-2.3.0/lib/web_console/templates/style.css.erb within layouts/inlined_string (0.6ms)
  Rendered /Library/Ruby/Gems/2.0.0/gems/web-console-2.3.0/lib/web_console/templates/console.js.erb within layouts/javascript (19.1ms)
  Rendered /Library/Ruby/Gems/2.0.0/gems/web-console-2.3.0/lib/web_console/templates/main.js.erb within layouts/javascript (0.5ms)
  Rendered /Library/Ruby/Gems/2.0.0/gems/web-console-2.3.0/lib/web_console/templates/error_page.js.erb within layouts/javascript (0.5ms)
  Rendered /Library/Ruby/Gems/2.0.0/gems/web-console-2.3.0/lib/web_console/templates/index.html.erb (38.7ms)


Started GET "/articles/1" for ::1 at 2016-02-07 13:32:48 -0500
Processing by ArticlesController#show as HTML
  Parameters: {"id"=>"1"}
  [1m[35mArticle Load (0.3ms)[0m  SELECT  "articles".* FROM "articles" WHERE "articles"."id" = ? LIMIT 1  [["id", 1]]
  Rendered articles/show.html.erb within layouts/application (0.5ms)
Completed 200 OK in 76ms (Views: 24.7ms | ActiveRecord: 0.8ms)


Started GET "/assets/articles.self-e3b0c44298fc1c149afbf4c8996fb92427ae41e4649b934ca495991b7852b855.css?body=1" for ::1 at 2016-02-07 13:32:48 -0500


Started GET "/assets/application.self-e80e8f2318043e8af94dddc2adad5a4f09739a8ebb323b3ab31cd71d45fd9113.css?body=1" for ::1 at 2016-02-07 13:32:48 -0500


Started GET "/assets/jquery_ujs.self-d602bdfe68ffc63b9f9cc512872aa3cfff046228a0a36e90dd476e8ef54c1b09.js?body=1" for ::1 at 2016-02-07 13:32:48 -0500


Started GET "/assets/turbolinks.self-c37727e9bd6b2735da5c311aa83fead54ed0be6cc8bd9a65309e9c5abe2cbfff.js?body=1" for ::1 at 2016-02-07 13:32:48 -0500


Started GET "/assets/application.self-3b8dabdc891efe46b9a144b400ad69e37d7e5876bdc39dee783419a69d7ca819.js?body=1" for ::1 at 2016-02-07 13:32:48 -0500


Started GET "/assets/jquery.self-c64a74367bda6ef8b860f19e74df08927ca99d2be2ac934e9e92d5fd361e0da4.js?body=1" for ::1 at 2016-02-07 13:32:48 -0500


Started GET "/assets/articles.self-877aef30ae1b040ab8a3aba4e3e309a11d7f2612f44dde450b5c157aa5f95c05.js?body=1" for ::1 at 2016-02-07 13:32:48 -0500


Started GET "/articles" for ::1 at 2016-02-07 13:32:50 -0500
Processing by ArticlesController#index as HTML
  [1m[36mArticle Load (0.2ms)[0m  [1mSELECT "articles".* FROM "articles"[0m
  Rendered articles/index.html.erb within layouts/application (1.9ms)
Completed 200 OK in 27ms (Views: 26.1ms | ActiveRecord: 0.2ms)


Started GET "/articles/1" for ::1 at 2016-02-07 13:32:51 -0500
Processing by ArticlesController#show as HTML
  Parameters: {"id"=>"1"}
  [1m[35mArticle Load (0.1ms)[0m  SELECT  "articles".* FROM "articles" WHERE "articles"."id" = ? LIMIT 1  [["id", 1]]
  Rendered articles/show.html.erb within layouts/application (0.3ms)
Completed 200 OK in 29ms (Views: 27.7ms | ActiveRecord: 0.1ms)


Started GET "/articles/1" for ::1 at 2016-02-07 13:34:04 -0500
Processing by ArticlesController#show as HTML
  Parameters: {"id"=>"1"}
  [1m[36mArticle Load (0.1ms)[0m  [1mSELECT  "articles".* FROM "articles" WHERE "articles"."id" = ? LIMIT 1[0m  [["id", 1]]
  Rendered articles/show.html.erb within layouts/application (0.2ms)
Completed 200 OK in 276ms (Views: 274.8ms | ActiveRecord: 0.1ms)


Started GET "/assets/articles.self-e3b0c44298fc1c149afbf4c8996fb92427ae41e4649b934ca495991b7852b855.css?body=1" for ::1 at 2016-02-07 13:34:05 -0500


Started GET "/assets/screen.self-16f83778566f2ea814368100ac8e534d7de4921c8d7334c3f01cc357b90c6547.css?body=1" for ::1 at 2016-02-07 13:34:05 -0500


Started GET "/assets/jquery.self-c64a74367bda6ef8b860f19e74df08927ca99d2be2ac934e9e92d5fd361e0da4.js?body=1" for ::1 at 2016-02-07 13:34:05 -0500


Started GET "/assets/articles.self-877aef30ae1b040ab8a3aba4e3e309a11d7f2612f44dde450b5c157aa5f95c05.js?body=1" for ::1 at 2016-02-07 13:34:05 -0500


Started GET "/assets/jquery_ujs.self-d602bdfe68ffc63b9f9cc512872aa3cfff046228a0a36e90dd476e8ef54c1b09.js?body=1" for ::1 at 2016-02-07 13:34:05 -0500


Started GET "/assets/application.self-e80e8f2318043e8af94dddc2adad5a4f09739a8ebb323b3ab31cd71d45fd9113.css?body=1" for ::1 at 2016-02-07 13:34:05 -0500


Started GET "/assets/turbolinks.self-c37727e9bd6b2735da5c311aa83fead54ed0be6cc8bd9a65309e9c5abe2cbfff.js?body=1" for ::1 at 2016-02-07 13:34:05 -0500


Started GET "/assets/application.self-3b8dabdc891efe46b9a144b400ad69e37d7e5876bdc39dee783419a69d7ca819.js?body=1" for ::1 at 2016-02-07 13:34:05 -0500
